<?xml version="1.0" encoding="UTF-8"?>
<testng-results skipped="0" failed="0" ignored="0" total="6" passed="6">
  <reporter-output>
  </reporter-output>
  <suite name="smoke" duration-ms="195701" started-at="2020-01-22T09:02:43Z" finished-at="2020-01-22T09:05:59Z">
    <groups>
      <group name="Regression">
        <method signature="ZestIOT_AV_2294__AISATS_HYD_Identify_coverage_of_Flight_Sensor_and_Validate_timestamps_of_Departure_Aircrafts.test()[pri:0, instance:enh.web.tests.ZestIOT_AV_2294__AISATS_HYD_Identify_coverage_of_Flight_Sensor_and_Validate_timestamps_of_Departure_Aircrafts@223191a6]" name="test" class="enh.web.tests.ZestIOT_AV_2294__AISATS_HYD_Identify_coverage_of_Flight_Sensor_and_Validate_timestamps_of_Departure_Aircrafts"/>
        <method signature="ZestIOT_AV_2294__BSSPL_Delhi_Identify_coverage_of_Flight_Sensor_and_Validate_timestamps_of_Departure_Aircrafts.test()[pri:0, instance:enh.web.tests.ZestIOT_AV_2294__BSSPL_Delhi_Identify_coverage_of_Flight_Sensor_and_Validate_timestamps_of_Departure_Aircrafts@49139829]" name="test" class="enh.web.tests.ZestIOT_AV_2294__BSSPL_Delhi_Identify_coverage_of_Flight_Sensor_and_Validate_timestamps_of_Departure_Aircrafts"/>
        <method signature="ZestIOT_AV_2294__CELEBI_Delhi_Identify_coverage_of_Flight_Sensor_and_Validate_timestamps_of_Departure_Aircrafts.test()[pri:0, instance:enh.web.tests.ZestIOT_AV_2294__CELEBI_Delhi_Identify_coverage_of_Flight_Sensor_and_Validate_timestamps_of_Departure_Aircrafts@9597028]" name="test" class="enh.web.tests.ZestIOT_AV_2294__CELEBI_Delhi_Identify_coverage_of_Flight_Sensor_and_Validate_timestamps_of_Departure_Aircrafts"/>
        <method signature="ZestIOT_AV_2294__DIAL_Delhi_Identify_coverage_of_Flight_Sensor_and_Validate_timestamps_of_Departure_Aircrafts.test()[pri:0, instance:enh.web.tests.ZestIOT_AV_2294__DIAL_Delhi_Identify_coverage_of_Flight_Sensor_and_Validate_timestamps_of_Departure_Aircrafts@6069db50]" name="test" class="enh.web.tests.ZestIOT_AV_2294__DIAL_Delhi_Identify_coverage_of_Flight_Sensor_and_Validate_timestamps_of_Departure_Aircrafts"/>
        <method signature="ZestIOT_AV_2294__GMR_HYD_Identify_coverage_of_Flight_Sensor_and_Validate_timestamps_of_Departure_Aircrafts.test()[pri:0, instance:enh.web.tests.ZestIOT_AV_2294__GMR_HYD_Identify_coverage_of_Flight_Sensor_and_Validate_timestamps_of_Departure_Aircrafts@4efbca5a]" name="test" class="enh.web.tests.ZestIOT_AV_2294__GMR_HYD_Identify_coverage_of_Flight_Sensor_and_Validate_timestamps_of_Departure_Aircrafts"/>
        <method signature="ZestIOT_AV_2294__SG_HYD_Identify_coverage_of_Flight_Sensor_and_Validate_timestamps_of_Departure_Aircrafts.test()[pri:0, instance:enh.web.tests.ZestIOT_AV_2294__SG_HYD_Identify_coverage_of_Flight_Sensor_and_Validate_timestamps_of_Departure_Aircrafts@1b7cc17c]" name="test" class="enh.web.tests.ZestIOT_AV_2294__SG_HYD_Identify_coverage_of_Flight_Sensor_and_Validate_timestamps_of_Departure_Aircrafts"/>
      </group> <!-- Regression -->
    </groups>
    <test name="smoke-Tests" duration-ms="195701" started-at="2020-01-22T09:02:43Z" finished-at="2020-01-22T09:05:59Z">
      <class name="enh.web.tests.ZestIOT_AV_2294__GMR_HYD_Identify_coverage_of_Flight_Sensor_and_Validate_timestamps_of_Departure_Aircrafts">
        <test-method status="PASS" signature="test()[pri:0, instance:enh.web.tests.ZestIOT_AV_2294__GMR_HYD_Identify_coverage_of_Flight_Sensor_and_Validate_timestamps_of_Departure_Aircrafts@4efbca5a]" name="test" duration-ms="32622" started-at="2020-01-22T14:34:41Z" description="Identify coverage of Flight Sensor and Validate timestamps of Departure Aircrafts for GMR-HYD" finished-at="2020-01-22T14:35:14Z">
          <reporter-output>
          </reporter-output>
        </test-method> <!-- test -->
      </class> <!-- enh.web.tests.ZestIOT_AV_2294__GMR_HYD_Identify_coverage_of_Flight_Sensor_and_Validate_timestamps_of_Departure_Aircrafts -->
      <class name="enh.web.tests.ZestIOT_AV_2294__CELEBI_Delhi_Identify_coverage_of_Flight_Sensor_and_Validate_timestamps_of_Departure_Aircrafts">
        <test-method status="PASS" signature="test()[pri:0, instance:enh.web.tests.ZestIOT_AV_2294__CELEBI_Delhi_Identify_coverage_of_Flight_Sensor_and_Validate_timestamps_of_Departure_Aircrafts@9597028]" name="test" duration-ms="21424" started-at="2020-01-22T14:33:54Z" description="Identify coverage of Flight Sensor and Validate timestamps of Departure Aircrafts for CELEBI-Delhi user" finished-at="2020-01-22T14:34:15Z">
          <reporter-output>
          </reporter-output>
        </test-method> <!-- test -->
      </class> <!-- enh.web.tests.ZestIOT_AV_2294__CELEBI_Delhi_Identify_coverage_of_Flight_Sensor_and_Validate_timestamps_of_Departure_Aircrafts -->
      <class name="enh.web.tests.ZestIOT_AV_2294__BSSPL_Delhi_Identify_coverage_of_Flight_Sensor_and_Validate_timestamps_of_Departure_Aircrafts">
        <test-method status="PASS" signature="test()[pri:0, instance:enh.web.tests.ZestIOT_AV_2294__BSSPL_Delhi_Identify_coverage_of_Flight_Sensor_and_Validate_timestamps_of_Departure_Aircrafts@49139829]" name="test" duration-ms="22149" started-at="2020-01-22T14:33:31Z" description="Identify coverage of Flight Sensor and Validate timestamps of Departure Aircrafts for BSSPL-Delhi user" finished-at="2020-01-22T14:33:53Z">
          <reporter-output>
          </reporter-output>
        </test-method> <!-- test -->
      </class> <!-- enh.web.tests.ZestIOT_AV_2294__BSSPL_Delhi_Identify_coverage_of_Flight_Sensor_and_Validate_timestamps_of_Departure_Aircrafts -->
      <class name="enh.web.tests.ZestIOT_AV_2294__DIAL_Delhi_Identify_coverage_of_Flight_Sensor_and_Validate_timestamps_of_Departure_Aircrafts">
        <test-method status="PASS" signature="test()[pri:0, instance:enh.web.tests.ZestIOT_AV_2294__DIAL_Delhi_Identify_coverage_of_Flight_Sensor_and_Validate_timestamps_of_Departure_Aircrafts@6069db50]" name="test" duration-ms="24739" started-at="2020-01-22T14:34:16Z" description="Identify coverage of Flight Sensor and Validate timestamps of Departure Aircrafts for DIAL-Delhi" finished-at="2020-01-22T14:34:40Z">
          <reporter-output>
          </reporter-output>
        </test-method> <!-- test -->
      </class> <!-- enh.web.tests.ZestIOT_AV_2294__DIAL_Delhi_Identify_coverage_of_Flight_Sensor_and_Validate_timestamps_of_Departure_Aircrafts -->
      <class name="enh.web.tests.ZestIOT_AV_2294__SG_HYD_Identify_coverage_of_Flight_Sensor_and_Validate_timestamps_of_Departure_Aircrafts">
        <test-method status="PASS" signature="test()[pri:0, instance:enh.web.tests.ZestIOT_AV_2294__SG_HYD_Identify_coverage_of_Flight_Sensor_and_Validate_timestamps_of_Departure_Aircrafts@1b7cc17c]" name="test" duration-ms="43760" started-at="2020-01-22T14:35:14Z" description="Identify coverage of Flight Sensor and Validate timestamps of Departure Aircrafts for SG-HYD" finished-at="2020-01-22T14:35:58Z">
          <reporter-output>
          </reporter-output>
        </test-method> <!-- test -->
      </class> <!-- enh.web.tests.ZestIOT_AV_2294__SG_HYD_Identify_coverage_of_Flight_Sensor_and_Validate_timestamps_of_Departure_Aircrafts -->
      <class name="enh.web.tests.ZestIOT_AV_2294__AISATS_HYD_Identify_coverage_of_Flight_Sensor_and_Validate_timestamps_of_Departure_Aircrafts">
        <test-method status="PASS" signature="test()[pri:0, instance:enh.web.tests.ZestIOT_AV_2294__AISATS_HYD_Identify_coverage_of_Flight_Sensor_and_Validate_timestamps_of_Departure_Aircrafts@223191a6]" name="test" duration-ms="28807" started-at="2020-01-22T14:33:00Z" description="Identify coverage of Flight Sensor and Validate timestamps of Departure Aircrafts for AISATS-HYD" finished-at="2020-01-22T14:33:29Z">
          <reporter-output>
          </reporter-output>
        </test-method> <!-- test -->
      </class> <!-- enh.web.tests.ZestIOT_AV_2294__AISATS_HYD_Identify_coverage_of_Flight_Sensor_and_Validate_timestamps_of_Departure_Aircrafts -->
    </test> <!-- smoke-Tests -->
  </suite> <!-- smoke -->
</testng-results>
