<?xml version="1.0" encoding="UTF-8"?>
<!-- Generated by org.testng.reporters.JUnitXMLReporter -->
<testsuite hostname="DESKTOP-4FTJ60U" ignored="0" name="smoke-Tests" tests="6" failures="0" timestamp="22 Jan 2020 09:05:59 GMT" time="195.701" errors="0">
  <testcase name="test" time="28.807" classname="enh.web.tests.ZestIOT_AV_2294__AISATS_HYD_Identify_coverage_of_Flight_Sensor_and_Validate_timestamps_of_Departure_Aircrafts"/>
  <testcase name="test" time="22.149" classname="enh.web.tests.ZestIOT_AV_2294__BSSPL_Delhi_Identify_coverage_of_Flight_Sensor_and_Validate_timestamps_of_Departure_Aircrafts"/>
  <testcase name="test" time="21.424" classname="enh.web.tests.ZestIOT_AV_2294__CELEBI_Delhi_Identify_coverage_of_Flight_Sensor_and_Validate_timestamps_of_Departure_Aircrafts"/>
  <testcase name="test" time="24.739" classname="enh.web.tests.ZestIOT_AV_2294__DIAL_Delhi_Identify_coverage_of_Flight_Sensor_and_Validate_timestamps_of_Departure_Aircrafts"/>
  <testcase name="test" time="32.622" classname="enh.web.tests.ZestIOT_AV_2294__GMR_HYD_Identify_coverage_of_Flight_Sensor_and_Validate_timestamps_of_Departure_Aircrafts"/>
  <testcase name="test" time="43.76" classname="enh.web.tests.ZestIOT_AV_2294__SG_HYD_Identify_coverage_of_Flight_Sensor_and_Validate_timestamps_of_Departure_Aircrafts"/>
</testsuite> <!-- smoke-Tests -->
